\BOOKMARK [0][-]{chapter.1}{Analysis}{}% 1
\BOOKMARK [1][-]{section.1.1}{Introduction}{chapter.1}% 2
\BOOKMARK [2][-]{subsection.1.1.1}{Client Identification}{section.1.1}% 3
\BOOKMARK [2][-]{subsection.1.1.2}{Define the current system}{section.1.1}% 4
\BOOKMARK [2][-]{subsection.1.1.3}{Describe the problems}{section.1.1}% 5
\BOOKMARK [2][-]{subsection.1.1.4}{Section appendix}{section.1.1}% 6
\BOOKMARK [1][-]{section.1.2}{Investigation}{chapter.1}% 7
\BOOKMARK [2][-]{subsection.1.2.1}{The current system}{section.1.2}% 8
\BOOKMARK [2][-]{subsection.1.2.2}{The proposed system}{section.1.2}% 9
\BOOKMARK [1][-]{section.1.3}{Objectives}{chapter.1}% 10
\BOOKMARK [2][-]{subsection.1.3.1}{General Objectives}{section.1.3}% 11
\BOOKMARK [2][-]{subsection.1.3.2}{Specific Objectives}{section.1.3}% 12
\BOOKMARK [2][-]{subsection.1.3.3}{Core Objectives}{section.1.3}% 13
\BOOKMARK [2][-]{subsection.1.3.4}{Other Objectives}{section.1.3}% 14
\BOOKMARK [1][-]{section.1.4}{ER Diagrams and Descriptions}{chapter.1}% 15
\BOOKMARK [2][-]{subsection.1.4.1}{ER Diagram}{section.1.4}% 16
\BOOKMARK [2][-]{subsection.1.4.2}{Entity Descriptions}{section.1.4}% 17
\BOOKMARK [1][-]{section.1.5}{Object Analysis}{chapter.1}% 18
\BOOKMARK [2][-]{subsection.1.5.1}{Object Listing}{section.1.5}% 19
\BOOKMARK [2][-]{subsection.1.5.2}{Relationship diagrams}{section.1.5}% 20
\BOOKMARK [2][-]{subsection.1.5.3}{Class definitions}{section.1.5}% 21
\BOOKMARK [1][-]{section.1.6}{Other Abstractions and Graphs}{chapter.1}% 22
\BOOKMARK [1][-]{section.1.7}{Constraints}{chapter.1}% 23
\BOOKMARK [2][-]{subsection.1.7.1}{Hardware}{section.1.7}% 24
\BOOKMARK [2][-]{subsection.1.7.2}{Software}{section.1.7}% 25
\BOOKMARK [2][-]{subsection.1.7.3}{Time}{section.1.7}% 26
\BOOKMARK [2][-]{subsection.1.7.4}{User Knowledge}{section.1.7}% 27
\BOOKMARK [2][-]{subsection.1.7.5}{Access restrictions}{section.1.7}% 28
\BOOKMARK [1][-]{section.1.8}{Limitations}{chapter.1}% 29
\BOOKMARK [2][-]{subsection.1.8.1}{Areas which will not be included in computerisation}{section.1.8}% 30
\BOOKMARK [2][-]{subsection.1.8.2}{Areas considered for future computerisation}{section.1.8}% 31
\BOOKMARK [1][-]{section.1.9}{Solutions}{chapter.1}% 32
\BOOKMARK [2][-]{subsection.1.9.1}{Alternative solutions}{section.1.9}% 33
\BOOKMARK [2][-]{subsection.1.9.2}{Justification of chosen solution}{section.1.9}% 34
\BOOKMARK [0][-]{chapter.2}{Design}{}% 35
\BOOKMARK [1][-]{section.2.1}{Overall System Design}{chapter.2}% 36
\BOOKMARK [2][-]{subsection.2.1.1}{Short description of the main parts of the system}{section.2.1}% 37
\BOOKMARK [2][-]{subsection.2.1.2}{System flowcharts showing an overview of the complete system}{section.2.1}% 38
\BOOKMARK [1][-]{section.2.2}{User Interface Designs}{chapter.2}% 39
\BOOKMARK [1][-]{section.2.3}{Hardware Specification}{chapter.2}% 40
\BOOKMARK [1][-]{section.2.4}{Program Structure}{chapter.2}% 41
\BOOKMARK [2][-]{subsection.2.4.1}{Top-down design structure charts}{section.2.4}% 42
\BOOKMARK [2][-]{subsection.2.4.2}{Algorithms in pseudo-code for each data transformation process}{section.2.4}% 43
\BOOKMARK [2][-]{subsection.2.4.3}{Object Diagrams}{section.2.4}% 44
\BOOKMARK [2][-]{subsection.2.4.4}{Class Definitions}{section.2.4}% 45
\BOOKMARK [1][-]{section.2.5}{Prototyping}{chapter.2}% 46
\BOOKMARK [1][-]{section.2.6}{Definition of Data Requirements}{chapter.2}% 47
\BOOKMARK [2][-]{subsection.2.6.1}{Identification of all data input items}{section.2.6}% 48
\BOOKMARK [2][-]{subsection.2.6.2}{Identification of all data output items}{section.2.6}% 49
\BOOKMARK [2][-]{subsection.2.6.3}{Explanation of how data output items are generated}{section.2.6}% 50
\BOOKMARK [2][-]{subsection.2.6.4}{Data Dictionary}{section.2.6}% 51
\BOOKMARK [2][-]{subsection.2.6.5}{Identification of appropriate storage media}{section.2.6}% 52
\BOOKMARK [1][-]{section.2.7}{Database Design}{chapter.2}% 53
\BOOKMARK [2][-]{subsection.2.7.1}{Normalisation}{section.2.7}% 54
\BOOKMARK [2][-]{subsection.2.7.2}{SQL Queries}{section.2.7}% 55
\BOOKMARK [1][-]{section.2.8}{Security and Integrity of the System and Data}{chapter.2}% 56
\BOOKMARK [2][-]{subsection.2.8.1}{Security and Integrity of Data}{section.2.8}% 57
\BOOKMARK [2][-]{subsection.2.8.2}{System Security}{section.2.8}% 58
\BOOKMARK [1][-]{section.2.9}{Validation}{chapter.2}% 59
\BOOKMARK [1][-]{section.2.10}{Testing}{chapter.2}% 60
\BOOKMARK [2][-]{subsection.2.10.1}{Outline Plan}{section.2.10}% 61
\BOOKMARK [2][-]{subsection.2.10.2}{Detailed Plan}{section.2.10}% 62
\BOOKMARK [0][-]{chapter.3}{Testing}{}% 63
\BOOKMARK [1][-]{section.3.1}{Test Plan}{chapter.3}% 64
\BOOKMARK [2][-]{subsection.3.1.1}{Original Outline Plan}{section.3.1}% 65
\BOOKMARK [2][-]{subsection.3.1.2}{Changes to Outline Plan}{section.3.1}% 66
\BOOKMARK [2][-]{subsection.3.1.3}{Original Detailed Plan}{section.3.1}% 67
\BOOKMARK [2][-]{subsection.3.1.4}{Changes to Detailed Plan}{section.3.1}% 68
\BOOKMARK [1][-]{section.3.2}{Test Data}{chapter.3}% 69
\BOOKMARK [2][-]{subsection.3.2.1}{Original Test Data}{section.3.2}% 70
\BOOKMARK [2][-]{subsection.3.2.2}{Changes to Test Data}{section.3.2}% 71
\BOOKMARK [1][-]{section.3.3}{Annotated Samples}{chapter.3}% 72
\BOOKMARK [2][-]{subsection.3.3.1}{Actual Results}{section.3.3}% 73
\BOOKMARK [2][-]{subsection.3.3.2}{Evidence}{section.3.3}% 74
\BOOKMARK [1][-]{section.3.4}{Evaluation}{chapter.3}% 75
\BOOKMARK [2][-]{subsection.3.4.1}{Approach to Testing}{section.3.4}% 76
\BOOKMARK [2][-]{subsection.3.4.2}{Problems Encountered}{section.3.4}% 77
\BOOKMARK [2][-]{subsection.3.4.3}{Strengths of Testing}{section.3.4}% 78
\BOOKMARK [2][-]{subsection.3.4.4}{Weaknesses of Testing}{section.3.4}% 79
\BOOKMARK [2][-]{subsection.3.4.5}{Reliability of Application}{section.3.4}% 80
\BOOKMARK [2][-]{subsection.3.4.6}{Robustness of Application}{section.3.4}% 81
\BOOKMARK [0][-]{chapter.4}{System Maintenance}{}% 82
\BOOKMARK [1][-]{section.4.1}{Environment}{chapter.4}% 83
\BOOKMARK [2][-]{subsection.4.1.1}{Software}{section.4.1}% 84
\BOOKMARK [2][-]{subsection.4.1.2}{Usage Explanation}{section.4.1}% 85
\BOOKMARK [2][-]{subsection.4.1.3}{Features Used}{section.4.1}% 86
\BOOKMARK [1][-]{section.4.2}{System Overview}{chapter.4}% 87
\BOOKMARK [2][-]{subsection.4.2.1}{System Component}{section.4.2}% 88
\BOOKMARK [1][-]{section.4.3}{Code Structure}{chapter.4}% 89
\BOOKMARK [2][-]{subsection.4.3.1}{Particular Code Section}{section.4.3}% 90
\BOOKMARK [2][-]{subsection.4.3.2}{Displaying a table}{section.4.3}% 91
\BOOKMARK [2][-]{subsection.4.3.3}{Switching central widgets}{section.4.3}% 92
\BOOKMARK [1][-]{section.4.4}{Variable Listing}{chapter.4}% 93
\BOOKMARK [1][-]{section.4.5}{System Evidence}{chapter.4}% 94
\BOOKMARK [2][-]{subsection.4.5.1}{User Interface}{section.4.5}% 95
\BOOKMARK [2][-]{subsection.4.5.2}{ER Diagram}{section.4.5}% 96
\BOOKMARK [2][-]{subsection.4.5.3}{Database Table Views}{section.4.5}% 97
\BOOKMARK [2][-]{subsection.4.5.4}{Database SQL}{section.4.5}% 98
\BOOKMARK [2][-]{subsection.4.5.5}{SQL Queries}{section.4.5}% 99
\BOOKMARK [1][-]{section.4.6}{Testing}{chapter.4}% 100
\BOOKMARK [2][-]{subsection.4.6.1}{Summary of Results}{section.4.6}% 101
\BOOKMARK [2][-]{subsection.4.6.2}{Known Issues}{section.4.6}% 102
\BOOKMARK [1][-]{section.4.7}{Code Explanations}{chapter.4}% 103
\BOOKMARK [2][-]{subsection.4.7.1}{Difficult Sections}{section.4.7}% 104
\BOOKMARK [2][-]{subsection.4.7.2}{Select function \(section 4.10.4\)}{section.4.7}% 105
\BOOKMARK [2][-]{subsection.4.7.3}{Creating the combo box \(section 4.10.4\)}{section.4.7}% 106
\BOOKMARK [2][-]{subsection.4.7.4}{Self-created Algorithms}{section.4.7}% 107
\BOOKMARK [1][-]{section.4.8}{Settings}{chapter.4}% 108
\BOOKMARK [1][-]{section.4.9}{Acknowledgements}{chapter.4}% 109
\BOOKMARK [1][-]{section.4.10}{Code Listing}{chapter.4}% 110
\BOOKMARK [2][-]{subsection.4.10.1}{add\137booking.py}{section.4.10}% 111
\BOOKMARK [2][-]{subsection.4.10.2}{add\137item\137to\137menu.py}{section.4.10}% 112
\BOOKMARK [2][-]{subsection.4.10.3}{add\137item\137to\137order.py}{section.4.10}% 113
\BOOKMARK [2][-]{subsection.4.10.4}{assign\137table\137customer.py}{section.4.10}% 114
\BOOKMARK [2][-]{subsection.4.10.5}{cascade\137style\137sheet.py}{section.4.10}% 115
\BOOKMARK [2][-]{subsection.4.10.6}{delete\137booking.py}{section.4.10}% 116
\BOOKMARK [2][-]{subsection.4.10.7}{delete\137item\137off\137menu.py}{section.4.10}% 117
\BOOKMARK [2][-]{subsection.4.10.8}{delete\137item\137off\137order.py}{section.4.10}% 118
\BOOKMARK [2][-]{subsection.4.10.9}{main\137window.py}{section.4.10}% 119
\BOOKMARK [2][-]{subsection.4.10.10}{manage\137booking.py}{section.4.10}% 120
\BOOKMARK [2][-]{subsection.4.10.11}{manage\137order.py}{section.4.10}% 121
\BOOKMARK [2][-]{subsection.4.10.12}{new\137create\137tables\137cli.py}{section.4.10}% 122
\BOOKMARK [2][-]{subsection.4.10.13}{print\137invoice.py}{section.4.10}% 123
\BOOKMARK [2][-]{subsection.4.10.14}{radio\137button\137widget\137class.py}{section.4.10}% 124
\BOOKMARK [2][-]{subsection.4.10.15}{search\137order.py}{section.4.10}% 125
\BOOKMARK [2][-]{subsection.4.10.16}{table\137display.py}{section.4.10}% 126
\BOOKMARK [2][-]{subsection.4.10.17}{update\137booking.py}{section.4.10}% 127
\BOOKMARK [2][-]{subsection.4.10.18}{update\137item\137price.py}{section.4.10}% 128
\BOOKMARK [0][-]{chapter.5}{User Manual}{}% 129
\BOOKMARK [1][-]{section.5.1}{Introduction}{chapter.5}% 130
\BOOKMARK [1][-]{section.5.2}{Installation}{chapter.5}% 131
\BOOKMARK [2][-]{subsection.5.2.1}{Software}{section.5.2}% 132
\BOOKMARK [2][-]{subsection.5.2.2}{Hardware}{section.5.2}% 133
\BOOKMARK [2][-]{subsection.5.2.3}{Prerequisite Installation}{section.5.2}% 134
\BOOKMARK [2][-]{subsection.5.2.4}{System Installation}{section.5.2}% 135
\BOOKMARK [2][-]{subsection.5.2.5}{Running the System}{section.5.2}% 136
\BOOKMARK [1][-]{section.5.3}{Tutorial}{chapter.5}% 137
\BOOKMARK [2][-]{subsection.5.3.1}{Introduction}{section.5.3}% 138
\BOOKMARK [2][-]{subsection.5.3.2}{Assumptions}{section.5.3}% 139
\BOOKMARK [2][-]{subsection.5.3.3}{Tutorial Questions}{section.5.3}% 140
\BOOKMARK [2][-]{subsection.5.3.4}{Saving}{section.5.3}% 141
\BOOKMARK [2][-]{subsection.5.3.5}{Limitations}{section.5.3}% 142
\BOOKMARK [1][-]{section.5.4}{Error Recovery}{chapter.5}% 143
\BOOKMARK [2][-]{subsection.5.4.1}{Error 1}{section.5.4}% 144
\BOOKMARK [2][-]{subsection.5.4.2}{Error 2}{section.5.4}% 145
\BOOKMARK [1][-]{section.5.5}{System Recovery}{chapter.5}% 146
\BOOKMARK [2][-]{subsection.5.5.1}{Backing-up Data}{section.5.5}% 147
\BOOKMARK [2][-]{subsection.5.5.2}{Restoring Data}{section.5.5}% 148
\BOOKMARK [0][-]{chapter.6}{Evaluation}{}% 149
\BOOKMARK [1][-]{section.6.1}{Customer Requirements}{chapter.6}% 150
\BOOKMARK [2][-]{subsection.6.1.1}{Objective Evaluation}{section.6.1}% 151
\BOOKMARK [1][-]{section.6.2}{Effectiveness}{chapter.6}% 152
\BOOKMARK [2][-]{subsection.6.2.1}{Objective Evaluation}{section.6.2}% 153
\BOOKMARK [1][-]{section.6.3}{Learnability}{chapter.6}% 154
\BOOKMARK [1][-]{section.6.4}{Usability}{chapter.6}% 155
\BOOKMARK [1][-]{section.6.5}{Maintainability}{chapter.6}% 156
\BOOKMARK [1][-]{section.6.6}{Suggestions for Improvement}{chapter.6}% 157
\BOOKMARK [1][-]{section.6.7}{End User Evidence}{chapter.6}% 158
\BOOKMARK [2][-]{subsection.6.7.1}{Questionnaires}{section.6.7}% 159
\BOOKMARK [2][-]{subsection.6.7.2}{Graphs}{section.6.7}% 160
\BOOKMARK [2][-]{subsection.6.7.3}{Written Statements}{section.6.7}% 161
